<?xml version="1.0" encoding="UTF-8"?>
<testng-results ignored="0" total="2" passed="2" failed="0" skipped="0">
  <reporter-output>
  </reporter-output>
  <suite started-at="2023-07-22T14:10:03 IST" name="Default suite" finished-at="2023-07-22T14:10:16 IST" duration-ms="12918">
    <groups>
    </groups>
    <test started-at="2023-07-22T14:10:03 IST" name="Default test" finished-at="2023-07-22T14:10:16 IST" duration-ms="12918">
      <class name="tests.LoginTest1">
        <test-method is-config="true" signature="setup()[pri:0, instance:tests.LoginTest1@5542c4ed]" started-at="2023-07-22T14:10:03 IST" name="setup" finished-at="2023-07-22T14:10:08 IST" duration-ms="5333" status="PASS">
          <reporter-output>
          </reporter-output>
        </test-method> <!-- setup -->
        <test-method signature="loginTest()[pri:0, instance:tests.LoginTest1@5542c4ed]" started-at="2023-07-22T14:10:08 IST" name="loginTest" finished-at="2023-07-22T14:10:15 IST" duration-ms="7153" status="PASS">
          <reporter-output>
          </reporter-output>
        </test-method> <!-- loginTest -->
        <test-method signature="logoutTest()[pri:0, instance:tests.LoginTest1@5542c4ed]" started-at="2023-07-22T14:10:15 IST" name="logoutTest" finished-at="2023-07-22T14:10:16 IST" duration-ms="157" status="PASS">
          <reporter-output>
          </reporter-output>
        </test-method> <!-- logoutTest -->
        <test-method is-config="true" signature="teardown()[pri:0, instance:tests.LoginTest1@5542c4ed]" started-at="2023-07-22T14:10:16 IST" name="teardown" finished-at="2023-07-22T14:10:16 IST" duration-ms="204" status="PASS">
          <reporter-output>
          </reporter-output>
        </test-method> <!-- teardown -->
      </class> <!-- tests.LoginTest1 -->
    </test> <!-- Default test -->
  </suite> <!-- Default suite -->
</testng-results>
